/*C1*/SET SCHEMA SYSTEM_LOBS
INSERT INTO BLOCKS VALUES(0,2147483647,0)
COMMIT
/*C3*/SET SCHEMA PUBLIC
CREATE TABLE IF NOT EXISTS CAR (id INTEGER identity,name VARCHAR(32),numb VARCHAR(32),area INTEGER)
DISCONNECT
/*C4*/SET SCHEMA PUBLIC
INSERT INTO CAR VALUES(0,'sdj','skdj',23)
COMMIT
DISCONNECT
/*C2*/SET SCHEMA PUBLIC
DISCONNECT
/*C6*/SET SCHEMA PUBLIC
DELETE FROM CAR WHERE ID=0
INSERT INTO CAR VALUES(0,'sid','32',2)
COMMIT
/*C5*/SET SCHEMA PUBLIC
DISCONNECT
/*C6*/DISCONNECT
/*C8*/SET SCHEMA PUBLIC
DELETE FROM CAR WHERE ID=0
COMMIT
/*C9*/SET SCHEMA PUBLIC
INSERT INTO CAR VALUES(1,'Deep','asd123',1)
COMMIT
/*C10*/SET SCHEMA PUBLIC
DELETE FROM CAR WHERE ID=1
INSERT INTO CAR VALUES(1,'Deepansh','asd123',1)
COMMIT
/*C11*/SET SCHEMA PUBLIC
INSERT INTO CAR VALUES(2,'Vivek','BCD-123',2)
COMMIT
/*C8*/DISCONNECT
/*C9*/DISCONNECT
/*C10*/DISCONNECT
/*C11*/DISCONNECT
/*C12*/SET SCHEMA PUBLIC
DISCONNECT
/*C13*/SET SCHEMA PUBLIC
INSERT INTO CAR VALUES(3,'bhup','hij-123',3)
COMMIT
/*C15*/SET SCHEMA PUBLIC
DELETE FROM CAR WHERE ID=1
COMMIT
/*C17*/SET SCHEMA PUBLIC
DELETE FROM CAR WHERE ID=2
COMMIT
/*C19*/SET SCHEMA PUBLIC
DELETE FROM CAR WHERE ID=3
COMMIT
/*C21*/SET SCHEMA PUBLIC
INSERT INTO CAR VALUES(4,'deep','abcd-1234',1)
COMMIT
/*C23*/SET SCHEMA PUBLIC
DELETE FROM CAR WHERE ID=4
COMMIT
/*C25*/SET SCHEMA PUBLIC
INSERT INTO CAR VALUES(5,'deep','fd',1)
COMMIT
/*C13*/DISCONNECT
/*C15*/DISCONNECT
/*C14*/SET SCHEMA PUBLIC
DISCONNECT
/*C16*/SET SCHEMA PUBLIC
DISCONNECT
/*C17*/DISCONNECT
/*C18*/SET SCHEMA PUBLIC
DISCONNECT
/*C20*/SET SCHEMA PUBLIC
DISCONNECT
/*C19*/DISCONNECT
/*C22*/SET SCHEMA PUBLIC
DISCONNECT
/*C26*/SET SCHEMA PUBLIC
DISCONNECT
/*C24*/SET SCHEMA PUBLIC
DISCONNECT
/*C25*/DISCONNECT
/*C21*/DISCONNECT
/*C23*/DISCONNECT
/*C29*/SET SCHEMA PUBLIC
DISCONNECT
/*C27*/SET SCHEMA PUBLIC
DISCONNECT
/*C30*/SET SCHEMA PUBLIC
DISCONNECT
/*C31*/SET SCHEMA PUBLIC
DISCONNECT
/*C28*/SET SCHEMA PUBLIC
DISCONNECT
/*C32*/SET SCHEMA PUBLIC
DISCONNECT
/*C7*/SET SCHEMA PUBLIC
DELETE FROM CAR WHERE ID=5
COMMIT
/*C39*/SET SCHEMA PUBLIC
INSERT INTO CAR VALUES(6,'esfd','23',1)
COMMIT
/*C33*/SET SCHEMA PUBLIC
DISCONNECT
/*C34*/SET SCHEMA PUBLIC
DISCONNECT
/*C41*/SET SCHEMA PUBLIC
DELETE FROM CAR WHERE ID=6
COMMIT
/*C42*/SET SCHEMA PUBLIC
INSERT INTO CAR VALUES(7,'df','2',1)
COMMIT
/*C43*/SET SCHEMA PUBLIC
DELETE FROM CAR WHERE ID=7
COMMIT
/*C45*/SET SCHEMA PUBLIC
INSERT INTO CAR VALUES(8,'Deepansh ','MP09',1)
COMMIT
/*C47*/SET SCHEMA PUBLIC
DISCONNECT
/*C48*/SET SCHEMA PUBLIC
DISCONNECT
/*C46*/SET SCHEMA PUBLIC
DISCONNECT
/*C44*/SET SCHEMA PUBLIC
DISCONNECT
/*C40*/SET SCHEMA PUBLIC
DISCONNECT
/*C38*/SET SCHEMA PUBLIC
DISCONNECT
/*C37*/SET SCHEMA PUBLIC
DISCONNECT
/*C36*/SET SCHEMA PUBLIC
DISCONNECT
/*C35*/SET SCHEMA PUBLIC
DISCONNECT
/*C50*/SET SCHEMA PUBLIC
INSERT INTO CAR VALUES(9,'akhil','123',2)
COMMIT
/*C51*/SET SCHEMA PUBLIC
INSERT INTO CAR VALUES(10,'akhil','123',2)
COMMIT
/*C52*/SET SCHEMA PUBLIC
DELETE FROM CAR WHERE ID=8
INSERT INTO CAR VALUES(8,'akhil','123',2)
COMMIT
/*C53*/SET SCHEMA PUBLIC
DISCONNECT
/*C54*/SET SCHEMA PUBLIC
DISCONNECT
/*C49*/SET SCHEMA PUBLIC
DISCONNECT
/*C55*/SET SCHEMA PUBLIC
DISCONNECT
/*C56*/SET SCHEMA PUBLIC
DISCONNECT
/*C57*/SET SCHEMA PUBLIC
DISCONNECT
/*C58*/SET SCHEMA PUBLIC
DISCONNECT
/*C60*/SET SCHEMA PUBLIC
DELETE FROM CAR WHERE ID=8
COMMIT
/*C59*/SET SCHEMA PUBLIC
DISCONNECT
/*C62*/SET SCHEMA PUBLIC
DISCONNECT
/*C63*/SET SCHEMA PUBLIC
DISCONNECT
/*C64*/SET SCHEMA PUBLIC
DISCONNECT
/*C65*/SET SCHEMA PUBLIC
DISCONNECT
/*C61*/SET SCHEMA PUBLIC
DISCONNECT
/*C66*/SET SCHEMA PUBLIC
DISCONNECT
/*C51*/DISCONNECT
/*C42*/DISCONNECT
/*C50*/DISCONNECT
/*C45*/DISCONNECT
/*C52*/DISCONNECT
/*C43*/DISCONNECT
/*C60*/DISCONNECT
/*C41*/DISCONNECT
/*C39*/DISCONNECT
